<?xml version="1.0" encoding="UTF-8"?>
<testsuite name="com.snippets.algorithms.sorts.merge.RecursiveMergeSortTest" tests="3" skipped="0" failures="0" errors="0" timestamp="2019-04-09T01:59:12" hostname="paulckim-MACH-WX9" time="0.001">
  <properties/>
  <testcase name="testRandomElementsASC" classname="com.snippets.algorithms.sorts.merge.RecursiveMergeSortTest" time="0.0"/>
  <testcase name="testWorstCaseASC" classname="com.snippets.algorithms.sorts.merge.RecursiveMergeSortTest" time="0.001"/>
  <testcase name="testBestCaseASC" classname="com.snippets.algorithms.sorts.merge.RecursiveMergeSortTest" time="0.0"/>
  <system-out><![CDATA[]]></system-out>
  <system-err><![CDATA[]]></system-err>
</testsuite>
